#
# There is insufficient memory for the Java Runtime Environment to continue.
# Native memory allocation (malloc) failed to allocate 32744 bytes. Error detail: Chunk::new
# Possible reasons:
#   The system is out of physical RAM or swap space
#   This process is running with CompressedOops enabled, and the Java Heap may be blocking the growth of the native heap
# Possible solutions:
#   Reduce memory load on the system
#   Increase physical memory or swap space
#   Check if swap backing store is full
#   Decrease Java heap size (-Xmx/-Xms)
#   Decrease number of Java threads
#   Decrease Java thread stack sizes (-Xss)
#   Set larger code cache with -XX:ReservedCodeCacheSize=
#   JVM is running with Unscaled Compressed Oops mode in which the Java heap is
#     placed in the first 4GB address space. The Java Heap base address is the
#     maximum limit for the native heap growth. Please use -XX:HeapBaseMinAddress
#     to set the Java Heap base and to place the Java Heap above 4GB virtual address.
# This output file may be truncated or incomplete.
#
#  Out of Memory Error (arena.cpp:168), pid=13420, tid=3288
#
# JRE version: OpenJDK Runtime Environment Temurin-21.0.10+7 (21.0.10+7) (build 21.0.10+7-LTS)
# Java VM: OpenJDK 64-Bit Server VM Temurin-21.0.10+7 (21.0.10+7-LTS, mixed mode, sharing, tiered, compressed oops, compressed class ptrs, parallel gc, windows-amd64)
# No core dump will be written. Minidumps are not enabled by default on client versions of Windows
#

---------------  S U M M A R Y ------------

Command Line: --add-modules=ALL-SYSTEM --add-opens=java.base/java.util=ALL-UNNAMED --add-opens=java.base/java.lang=ALL-UNNAMED --add-opens=java.base/sun.nio.fs=ALL-UNNAMED -Declipse.application=org.eclipse.jdt.ls.core.id1 -Dosgi.bundles.defaultStartLevel=4 -Declipse.product=org.eclipse.jdt.ls.core.product -Djava.import.generatesMetadataFilesAtProjectRoot=false -DDetectVMInstallationsJob.disabled=true -Dfile.encoding=utf8 -XX:+UseParallelGC -XX:GCTimeRatio=4 -XX:AdaptiveSizePolicyWeight=90 -Dsun.zip.disableMemoryMapping=true -Xmx2G -Xms100m -Xlog:disable -javaagent:c:\Users\manzi\.vscode\extensions\redhat.java-1.53.0-win32-x64\lombok\lombok-1.18.39-4050.jar c:\Users\manzi\.vscode\extensions\redhat.java-1.53.0-win32-x64\server\plugins\org.eclipse.equinox.launcher_1.7.100.v20251111-0406.jar -configuration c:\Users\manzi\AppData\Roaming\Code\User\globalStorage\redhat.java\1.53.0\config_ss_win -data c:\Users\manzi\AppData\Roaming\Code\User\workspaceStorage\83dbd947a42195360113b8f43161808e\redhat.java\ss_ws --pipe=\\.\pipe\lsp-076ce49188282aac123e8613b4bbfc02-sock

Host: AMD Ryzen 5 3500U with Radeon Vega Mobile Gfx  , 8 cores, 5G,  Windows 11 , 64 bit Build 26100 (10.0.26100.7920)
Time: Wed Mar 11 18:47:00 2026 South Africa Standard Time elapsed time: 1.012297 seconds (0d 0h 0m 1s)

---------------  T H R E A D  ---------------

Current thread (0x0000017b7e5101b0):  JavaThread "C2 CompilerThread1" daemon [_thread_in_native, id=3288, stack(0x00000019b4d00000,0x00000019b4e00000) (1024K)]


Current CompileTask:
C2:1012  649       4       java.util.Collections$UnmodifiableCollection::iterator (9 bytes)

Stack: [0x00000019b4d00000,0x00000019b4e00000]
Native frames: (J=compiled Java code, j=interpreted, Vv=VM code, C=native code)
V  [jvm.dll+0x6d7a39]
V  [jvm.dll+0x8b4b26]
V  [jvm.dll+0x8b70de]
V  [jvm.dll+0x8b77c3]
V  [jvm.dll+0x284346]
V  [jvm.dll+0xc66ed]
V  [jvm.dll+0xc6c31]
V  [jvm.dll+0x703443]
V  [jvm.dll+0x1e403a]
V  [jvm.dll+0x24c6b3]
V  [jvm.dll+0x24bb40]
V  [jvm.dll+0x1cb34e]
V  [jvm.dll+0x25b85d]
V  [jvm.dll+0x259dea]
V  [jvm.dll+0x3f857e]
V  [jvm.dll+0x85f59d]
V  [jvm.dll+0x6d626d]
C  [ucrtbase.dll+0x37b0]
C  [KERNEL32.DLL+0x2e8d7]
C  [ntdll.dll+0x8c48c]


---------------  P R O C E S S  ---------------

Threads class SMR info:
_java_thread_list=0x0000017b7e4db870, length=12, elements={
0x0000017b69e86b60, 0x0000017b7c8f7f80, 0x0000017b7c8fb320, 0x0000017b7c8ff900,
0x0000017b7c8fd830, 0x0000017b7c902370, 0x0000017b7c902dd0, 0x0000017b7c905b70,
0x0000017b7c92e110, 0x0000017b7e3f0770, 0x0000017b7e4f8650, 0x0000017b7e5101b0
}

Java Threads: ( => current thread )
  0x0000017b69e86b60 JavaThread "main"                              [_thread_blocked, id=10332, stack(0x00000019b3f00000,0x00000019b4000000) (1024K)]
  0x0000017b7c8f7f80 JavaThread "Reference Handler"          daemon [_thread_blocked, id=21312, stack(0x00000019b4300000,0x00000019b4400000) (1024K)]
  0x0000017b7c8fb320 JavaThread "Finalizer"                  daemon [_thread_blocked, id=10972, stack(0x00000019b4400000,0x00000019b4500000) (1024K)]
  0x0000017b7c8ff900 JavaThread "Signal Dispatcher"          daemon [_thread_blocked, id=19600, stack(0x00000019b4500000,0x00000019b4600000) (1024K)]
  0x0000017b7c8fd830 JavaThread "Attach Listener"            daemon [_thread_blocked, id=3684, stack(0x00000019b4600000,0x00000019b4700000) (1024K)]
  0x0000017b7c902370 JavaThread "Service Thread"             daemon [_thread_blocked, id=15864, stack(0x00000019b4700000,0x00000019b4800000) (1024K)]
  0x0000017b7c902dd0 JavaThread "Monitor Deflation Thread"   daemon [_thread_blocked, id=9276, stack(0x00000019b4800000,0x00000019b4900000) (1024K)]
  0x0000017b7c905b70 JavaThread "C2 CompilerThread0"         daemon [_thread_in_native, id=12964, stack(0x00000019b4900000,0x00000019b4a00000) (1024K)]
  0x0000017b7c92e110 JavaThread "C1 CompilerThread0"         daemon [_thread_in_vm, id=10060, stack(0x00000019b4a00000,0x00000019b4b00000) (1024K)]
  0x0000017b7e3f0770 JavaThread "Common-Cleaner"             daemon [_thread_blocked, id=5464, stack(0x00000019b4b00000,0x00000019b4c00000) (1024K)]
  0x0000017b7e4f8650 JavaThread "Notification Thread"        daemon [_thread_blocked, id=5000, stack(0x00000019b4c00000,0x00000019b4d00000) (1024K)]
=>0x0000017b7e5101b0 JavaThread "C2 CompilerThread1"         daemon [_thread_in_native, id=3288, stack(0x00000019b4d00000,0x00000019b4e00000) (1024K)]
Total: 12

Other Threads:
  0x0000017b69f28740 VMThread "VM Thread"                           [id=20844, stack(0x00000019b4200000,0x00000019b4300000) (1024K)]
  0x0000017b7c80ba00 WatcherThread "VM Periodic Task Thread"        [id=14452, stack(0x00000019b4100000,0x00000019b4200000) (1024K)]
  0x0000017b69ea4060 WorkerThread "GC Thread#0"                     [id=17008, stack(0x00000019b4000000,0x00000019b4100000) (1024K)]
Total: 3

Threads with active compile tasks:
C2 CompilerThread0  1062  650       4       lombok.patcher.scripts.MethodLevelPatchScript::patch (21 bytes)
C1 CompilerThread0  1062  661       3       java.math.BigInteger::<init> (404 bytes)
C2 CompilerThread1  1062  649       4       java.util.Collections$UnmodifiableCollection::iterator (9 bytes)
Total: 3

VM state: not at safepoint (normal execution)

VM Mutex/Monitor currently owned by a thread:  ([mutex/lock_event])
[0x00007ffc69b3d060] MethodCompileQueue_lock - owner thread: 0x0000017b7c92e110
[0x00007ffc69b3e460] CodeCache_lock - owner thread: 0x0000017b7c92e110
[0x00007ffc69b3e5e0] Compile_lock - owner thread: 0x0000017b7c92e110

Heap address: 0x0000000080000000, size: 2048 MB, Compressed Oops mode: 32-bit

CDS archive(s) mapped at: [0x0000017b04000000-0x0000017b04ba0000-0x0000017b04ba0000), size 12189696, SharedBaseAddress: 0x0000017b04000000, ArchiveRelocationMode: 1.
Compressed class space mapped at: 0x0000017b05000000-0x0000017b45000000, reserved size: 1073741824
Narrow klass base: 0x0000017b04000000, Narrow klass shift: 0, Narrow klass range: 0x100000000

GC Precious Log:
 CardTable entry size: 512
 CPUs: 8 total, 8 available
 Memory: 6020M
 Large Page Support: Disabled
 NUMA Support: Disabled
 Compressed Oops: Enabled (32-bit)
 Alignments: Space 512K, Generation 512K, Heap 2M
 Heap Min Capacity: 100M
 Heap Initial Capacity: 100M
 Heap Max Capacity: 2G
 Pre-touch: Disabled
 Parallel Workers: 8

Heap:
 PSYoungGen      total 29696K, used 12828K [0x00000000d5580000, 0x00000000d7680000, 0x0000000100000000)
  eden space 25600K, 50% used [0x00000000d5580000,0x00000000d62072c0,0x00000000d6e80000)
  from space 4096K, 0% used [0x00000000d7280000,0x00000000d7280000,0x00000000d7680000)
  to   space 4096K, 0% used [0x00000000d6e80000,0x00000000d6e80000,0x00000000d7280000)
 ParOldGen       total 68608K, used 0K [0x0000000080000000, 0x0000000084300000, 0x00000000d5580000)
  object space 68608K, 0% used [0x0000000080000000,0x0000000080000000,0x0000000084300000)
 Metaspace       used 2216K, committed 2432K, reserved 1114112K
  class space    used 221K, committed 320K, reserved 1048576K

Card table byte_map: [0x0000017b69820000,0x0000017b69c30000] _byte_map_base: 0x0000017b69420000

Marking Bits: (ParMarkBitMap*) 0x00007ffc69b43450
 Begin Bits: [0x0000017b00000000, 0x0000017b02000000)
 End Bits:   [0x0000017b02000000, 0x0000017b04000000)

Polling page: 0x0000017b68050000

Metaspace:

Usage:
  Non-class:      1.95 MB used.
      Class:    221.48 KB used.
       Both:      2.16 MB used.

Virtual space:
  Non-class space:       64.00 MB reserved,       2.06 MB (  3%) committed,  1 nodes.
      Class space:        1.00 GB reserved,     320.00 KB ( <1%) committed,  1 nodes.
             Both:        1.06 GB reserved,       2.38 MB ( <1%) committed. 

Chunk freelists:
   Non-Class:  11.65 MB
       Class:  15.67 MB
        Both:  27.32 MB

MaxMetaspaceSize: unlimited
CompressedClassSpaceSize: 1.00 GB
Initial GC threshold: 21.00 MB
Current GC threshold: 21.00 MB
CDS: on
 - commit_granule_bytes: 65536.
 - commit_granule_words: 8192.
 - virtual_space_node_default_size: 8388608.
 - enlarge_chunks_in_place: 1.
 - use_allocation_guard: 0.


Internal statistics:

num_allocs_failed_limit: 0.
num_arena_births: 80.
num_arena_deaths: 0.
num_vsnodes_births: 2.
num_vsnodes_deaths: 0.
num_space_committed: 38.
num_space_uncommitted: 0.
num_chunks_returned_to_freelist: 0.
num_chunks_taken_from_freelist: 102.
num_chunk_merges: 0.
num_chunk_splits: 72.
num_chunks_enlarged: 46.
num_inconsistent_stats: 0.

CodeHeap 'non-profiled nmethods': size=120000Kb used=235Kb max_used=235Kb free=119764Kb
 bounds [0x0000017b74b50000, 0x0000017b74dc0000, 0x0000017b7c080000]
CodeHeap 'profiled nmethods': size=120000Kb used=978Kb max_used=978Kb free=119021Kb
 bounds [0x0000017b6d080000, 0x0000017b6d2f0000, 0x0000017b745b0000]
CodeHeap 'non-nmethods': size=5760Kb used=1172Kb max_used=1187Kb free=4587Kb
 bounds [0x0000017b745b0000, 0x0000017b74820000, 0x0000017b74b50000]
CodeCache: size=245760Kb, used=2385Kb, max_used=2400Kb, free=243372Kb
 total_blobs=1079, nmethods=651, adapters=334, full_count=0
Compilation: enabled, stopped_count=0, restarted_count=0

Compilation events (20 events):
Event: 0.978 Thread 0x0000017b7c92e110 nmethod 642 0x0000017b6d16da90 code [0x0000017b6d16dc40, 0x0000017b6d16dea0]
Event: 0.979 Thread 0x0000017b7c905b70  645       4       java.util.HashSet::iterator (13 bytes)
Event: 0.979 Thread 0x0000017b7e5101b0  646       4       java.util.HashMap::keySet (25 bytes)
Event: 0.981 Thread 0x0000017b7e5101b0 nmethod 646 0x0000017b74b89b10 code [0x0000017b74b89ca0, 0x0000017b74b89db8]
Event: 0.982 Thread 0x0000017b7c92e110  648       3       sun.invoke.util.VerifyAccess::isSamePackage (37 bytes)
Event: 0.983 Thread 0x0000017b7c92e110 nmethod 648 0x0000017b6d16df90 code [0x0000017b6d16e1a0, 0x0000017b6d16e710]
Event: 0.985 Thread 0x0000017b7e5101b0  649       4       java.util.Collections$UnmodifiableCollection::iterator (9 bytes)
Event: 0.997 Thread 0x0000017b7c92e110  651       3       java.math.BigInteger::destructiveMulAdd (150 bytes)
Event: 0.997 Thread 0x0000017b7c905b70 nmethod 645 0x0000017b74b8a190 code [0x0000017b74b8a380, 0x0000017b74b8a970]
Event: 0.997 Thread 0x0000017b7c905b70  650       4       lombok.patcher.scripts.MethodLevelPatchScript::patch (21 bytes)
Event: 0.998 Thread 0x0000017b7c92e110 nmethod 651 0x0000017b6d16e910 code [0x0000017b6d16eac0, 0x0000017b6d16edf0]
Event: 0.998 Thread 0x0000017b7c92e110  652       3       java.lang.StringLatin1::toLowerCase (186 bytes)
Event: 0.999 Thread 0x0000017b7c92e110 nmethod 652 0x0000017b6d16ef90 code [0x0000017b6d16f220, 0x0000017b6d16fcd8]
Event: 1.000 Thread 0x0000017b7c92e110  657   !   3       sun.instrument.TransformerManager::transform (100 bytes)
Event: 1.001 Thread 0x0000017b7c92e110 nmethod 657 0x0000017b6d170110 code [0x0000017b6d1702e0, 0x0000017b6d170770]
Event: 1.001 Thread 0x0000017b7c92e110  656       3       sun.instrument.InstrumentationImpl::transform (73 bytes)
Event: 1.002 Thread 0x0000017b7c92e110 nmethod 656 0x0000017b6d170a10 code [0x0000017b6d170be0, 0x0000017b6d170f58]
Event: 1.002 Thread 0x0000017b7c92e110  658       3       java.io.ByteArrayOutputStream::ensureCapacity (32 bytes)
Event: 1.003 Thread 0x0000017b7c92e110 nmethod 658 0x0000017b6d171110 code [0x0000017b6d1712e0, 0x0000017b6d171638]
Event: 1.004 Thread 0x0000017b7c92e110  661       3       java.math.BigInteger::<init> (404 bytes)

GC Heap History (0 events):
No events

Dll operation events (8 events):
Event: 0.032 Loaded shared library c:\Users\manzi\.vscode\extensions\redhat.java-1.53.0-win32-x64\jre\21.0.10-win32-x86_64\bin\java.dll
Event: 0.188 Loaded shared library c:\Users\manzi\.vscode\extensions\redhat.java-1.53.0-win32-x64\jre\21.0.10-win32-x86_64\bin\zip.dll
Event: 0.237 Loaded shared library C:\Users\manzi\.vscode\extensions\redhat.java-1.53.0-win32-x64\jre\21.0.10-win32-x86_64\bin\instrument.dll
Event: 0.247 Loaded shared library C:\Users\manzi\.vscode\extensions\redhat.java-1.53.0-win32-x64\jre\21.0.10-win32-x86_64\bin\net.dll
Event: 0.258 Loaded shared library C:\Users\manzi\.vscode\extensions\redhat.java-1.53.0-win32-x64\jre\21.0.10-win32-x86_64\bin\nio.dll
Event: 0.266 Loaded shared library C:\Users\manzi\.vscode\extensions\redhat.java-1.53.0-win32-x64\jre\21.0.10-win32-x86_64\bin\zip.dll
Event: 0.311 Loaded shared library C:\Users\manzi\.vscode\extensions\redhat.java-1.53.0-win32-x64\jre\21.0.10-win32-x86_64\bin\jimage.dll
Event: 0.554 Loaded shared library c:\Users\manzi\.vscode\extensions\redhat.java-1.53.0-win32-x64\jre\21.0.10-win32-x86_64\bin\verify.dll

Deoptimization events (20 events):
Event: 0.810 Thread 0x0000017b69e86b60 DEOPT PACKING pc=0x0000017b6d0c7498 sp=0x00000019b3ffc930
Event: 0.810 Thread 0x0000017b69e86b60 DEOPT UNPACKING pc=0x0000017b74604242 sp=0x00000019b3ffbdf0 mode 0
Event: 0.813 Thread 0x0000017b69e86b60 DEOPT PACKING pc=0x0000017b6d0c7498 sp=0x00000019b3ffc7b0
Event: 0.813 Thread 0x0000017b69e86b60 DEOPT UNPACKING pc=0x0000017b74604242 sp=0x00000019b3ffbc70 mode 0
Event: 0.821 Thread 0x0000017b69e86b60 DEOPT PACKING pc=0x0000017b6d0c73bf sp=0x00000019b3ffb180
Event: 0.821 Thread 0x0000017b69e86b60 DEOPT UNPACKING pc=0x0000017b74604242 sp=0x00000019b3ffa630 mode 0
Event: 0.825 Thread 0x0000017b69e86b60 DEOPT PACKING pc=0x0000017b6d0c7498 sp=0x00000019b3ffb180
Event: 0.825 Thread 0x0000017b69e86b60 DEOPT UNPACKING pc=0x0000017b74604242 sp=0x00000019b3ffa640 mode 0
Event: 0.853 Thread 0x0000017b69e86b60 Uncommon trap: trap_request=0xffffff45 fr.pc=0x0000017b74b7e1f4 relative=0x0000000000000834
Event: 0.853 Thread 0x0000017b69e86b60 Uncommon trap: reason=unstable_if action=reinterpret pc=0x0000017b74b7e1f4 method=java.util.HashMap.putVal(ILjava/lang/Object;Ljava/lang/Object;ZZ)Ljava/lang/Object; @ 181 c2
Event: 0.853 Thread 0x0000017b69e86b60 DEOPT PACKING pc=0x0000017b74b7e1f4 sp=0x00000019b3ffdff0
Event: 0.853 Thread 0x0000017b69e86b60 DEOPT UNPACKING pc=0x0000017b74603aa2 sp=0x00000019b3ffdf80 mode 2
Event: 0.939 Thread 0x0000017b69e86b60 Uncommon trap: trap_request=0xffffff45 fr.pc=0x0000017b74b83f6c relative=0x000000000000014c
Event: 0.939 Thread 0x0000017b69e86b60 Uncommon trap: reason=unstable_if action=reinterpret pc=0x0000017b74b83f6c method=jdk.internal.util.ArraysSupport.vectorizedHashCode(Ljava/lang/Object;IIII)I @ 2 c2
Event: 0.939 Thread 0x0000017b69e86b60 DEOPT PACKING pc=0x0000017b74b83f6c sp=0x00000019b3ffd120
Event: 0.939 Thread 0x0000017b69e86b60 DEOPT UNPACKING pc=0x0000017b74603aa2 sp=0x00000019b3ffd0d0 mode 2
Event: 0.961 Thread 0x0000017b69e86b60 Uncommon trap: trap_request=0xffffff45 fr.pc=0x0000017b74b72574 relative=0x00000000000000d4
Event: 0.961 Thread 0x0000017b69e86b60 Uncommon trap: reason=unstable_if action=reinterpret pc=0x0000017b74b72574 method=java.net.URI.match(CJJ)Z @ 45 c2
Event: 0.961 Thread 0x0000017b69e86b60 DEOPT PACKING pc=0x0000017b74b72574 sp=0x00000019b3ffd2a0
Event: 0.961 Thread 0x0000017b69e86b60 DEOPT UNPACKING pc=0x0000017b74603aa2 sp=0x00000019b3ffd208 mode 2

Classes loaded (20 events):
Event: 0.984 Loading class sun/security/util/AbstractAlgorithmConstraints$1
Event: 0.984 Loading class sun/security/util/AbstractAlgorithmConstraints$1 done
Event: 0.992 Loading class sun/security/util/DisabledAlgorithmConstraints$Constraints
Event: 0.992 Loading class sun/security/util/DisabledAlgorithmConstraints$Constraints done
Event: 0.992 Loading class sun/security/util/CurveDB
Event: 0.994 Loading class sun/security/util/CurveDB done
Event: 0.994 Loading class java/security/spec/ECFieldFp
Event: 0.994 Loading class java/security/spec/ECField
Event: 0.994 Loading class java/security/spec/ECField done
Event: 0.994 Loading class java/security/spec/ECFieldFp done
Event: 0.994 Loading class java/security/spec/EllipticCurve
Event: 0.994 Loading class java/security/spec/EllipticCurve done
Event: 0.995 Loading class java/security/spec/ECPoint
Event: 0.995 Loading class java/security/spec/ECPoint done
Event: 0.995 Loading class sun/security/util/NamedCurve
Event: 0.995 Loading class java/security/spec/ECParameterSpec
Event: 0.995 Loading class java/security/spec/ECParameterSpec done
Event: 0.995 Loading class sun/security/util/NamedCurve done
Event: 1.000 Loading class java/security/spec/ECFieldF2m
Event: 1.000 Loading class java/security/spec/ECFieldF2m done

Classes unloaded (0 events):
No events

Classes redefined (0 events):
No events

Internal exceptions (12 events):
Event: 0.178 Thread 0x0000017b69e86b60 Exception <a 'java/lang/NoSuchMethodError'{0x00000000d57a9208}: 'void java.lang.invoke.DirectMethodHandle$Holder.invokeStatic(java.lang.Object, java.lang.Object, java.lang.Object)'> (0x00000000d57a9208) 
thrown [s\src\hotspot\share\interpreter\linkResolver.cpp, line 773]
Event: 0.297 Thread 0x0000017b69e86b60 Exception <a 'java/lang/NoSuchMethodError'{0x00000000d5911bb0}: 'java.lang.Object java.lang.invoke.Invokers$Holder.invokeExact_MT(java.lang.Object, java.lang.Object, java.lang.Object, java.lang.Object, java.lang.Object)'> (0x00000000d5911bb0) 
thrown [s\src\hotspot\share\interpreter\linkResolver.cpp, line 773]
Event: 0.412 Thread 0x0000017b69e86b60 Exception <a 'java/lang/NoSuchMethodError'{0x00000000d59ca218}: 'int java.lang.invoke.DirectMethodHandle$Holder.invokeSpecial(java.lang.Object, java.lang.Object, java.lang.Object, int)'> (0x00000000d59ca218) 
thrown [s\src\hotspot\share\interpreter\linkResolver.cpp, line 773]
Event: 0.419 Thread 0x0000017b69e86b60 Exception <a 'java/lang/NoSuchMethodError'{0x00000000d59dcc00}: 'java.lang.Object java.lang.invoke.DirectMethodHandle$Holder.invokeStatic(java.lang.Object, java.lang.Object, java.lang.Object, java.lang.Object, int)'> (0x00000000d59dcc00) 
thrown [s\src\hotspot\share\interpreter\linkResolver.cpp, line 773]
Event: 0.431 Thread 0x0000017b69e86b60 Exception <a 'java/lang/NoSuchMethodError'{0x00000000d59e8040}: 'void java.lang.invoke.DelegatingMethodHandle$Holder.reinvoke_L(java.lang.Object, java.lang.Object, java.lang.Object, int, java.lang.Object)'> (0x00000000d59e8040) 
thrown [s\src\hotspot\share\interpreter\linkResolver.cpp, line 773]
Event: 0.446 Thread 0x0000017b69e86b60 Exception <a 'java/lang/NoSuchMethodError'{0x00000000d59f8b38}: 'int java.lang.invoke.DirectMethodHandle$Holder.invokeSpecial(java.lang.Object, java.lang.Object, java.lang.Object)'> (0x00000000d59f8b38) 
thrown [s\src\hotspot\share\interpreter\linkResolver.cpp, line 773]
Event: 0.454 Thread 0x0000017b69e86b60 Exception <a 'java/lang/NoSuchMethodError'{0x00000000d5a047f8}: 'java.lang.Object java.lang.invoke.DirectMethodHandle$Holder.invokeStatic(java.lang.Object, java.lang.Object, int)'> (0x00000000d5a047f8) 
thrown [s\src\hotspot\share\interpreter\linkResolver.cpp, line 773]
Event: 0.458 Thread 0x0000017b69e86b60 Exception <a 'java/lang/NoSuchMethodError'{0x00000000d5a09148}: 'void java.lang.invoke.DirectMethodHandle$Holder.invokeStatic(java.lang.Object, java.lang.Object, int, java.lang.Object)'> (0x00000000d5a09148) 
thrown [s\src\hotspot\share\interpreter\linkResolver.cpp, line 773]
Event: 0.459 Thread 0x0000017b69e86b60 Exception <a 'java/lang/NoSuchMethodError'{0x00000000d5a0ccd8}: 'void java.lang.invoke.DirectMethodHandle$Holder.invokeSpecial(java.lang.Object, java.lang.Object, java.lang.Object, int, java.lang.Object)'> (0x00000000d5a0ccd8) 
thrown [s\src\hotspot\share\interpreter\linkResolver.cpp, line 773]
Event: 0.460 Thread 0x0000017b69e86b60 Exception <a 'java/lang/NoSuchMethodError'{0x00000000d5a10148}: 'void java.lang.invoke.DelegatingMethodHandle$Holder.delegate(java.lang.Object, java.lang.Object, int, java.lang.Object)'> (0x00000000d5a10148) 
thrown [s\src\hotspot\share\interpreter\linkResolver.cpp, line 773]
Event: 0.614 Thread 0x0000017b69e86b60 Exception <a 'java/lang/NoSuchMethodError'{0x00000000d5bcf208}: 'void java.lang.invoke.DelegatingMethodHandle$Holder.reinvoke_L(java.lang.Object, java.lang.Object, java.lang.Object, int)'> (0x00000000d5bcf208) 
thrown [s\src\hotspot\share\interpreter\linkResolver.cpp, line 773]
Event: 0.917 Thread 0x0000017b69e86b60 Exception <a 'java/lang/NoSuchMethodError'{0x00000000d605ae18}: 'void java.lang.invoke.DirectMethodHandle$Holder.invokeVirtual(java.lang.Object, java.lang.Object)'> (0x00000000d605ae18) 
thrown [s\src\hotspot\share\interpreter\linkResolver.cpp, line 773]

ZGC Phase Switch (0 events):
No events

VM Operations (4 events):
Event: 0.185 Executing non-safepoint VM operation: HandshakeAllThreads (Deoptimize)
Event: 0.185 Executing non-safepoint VM operation: HandshakeAllThreads (Deoptimize) done
Event: 0.338 Executing non-safepoint VM operation: HandshakeAllThreads (Deoptimize)
Event: 0.338 Executing non-safepoint VM operation: HandshakeAllThreads (Deoptimize) done

Memory protections (0 events):
No events

Nmethod flushes (0 events):
No events

Events (14 events):
Event: 0.063 Thread 0x0000017b69e86b60 Thread added: 0x0000017b69e86b60
Event: 0.101 Thread 0x0000017b69e86b60 Thread added: 0x0000017b7c8f7f80
Event: 0.102 Thread 0x0000017b69e86b60 Thread added: 0x0000017b7c8fb320
Event: 0.102 Thread 0x0000017b69e86b60 Thread added: 0x0000017b7c8ff900
Event: 0.102 Thread 0x0000017b69e86b60 Thread added: 0x0000017b7c8fd830
Event: 0.103 Thread 0x0000017b69e86b60 Thread added: 0x0000017b7c902370
Event: 0.103 Thread 0x0000017b69e86b60 Thread added: 0x0000017b7c902dd0
Event: 0.103 Thread 0x0000017b69e86b60 Thread added: 0x0000017b7c905b70
Event: 0.105 Thread 0x0000017b69e86b60 Thread added: 0x0000017b7c92e110
Event: 0.241 Thread 0x0000017b69e86b60 Thread added: 0x0000017b7e3f0770
Event: 0.533 Thread 0x0000017b7c92e110 Thread added: 0x0000017b7e439040
Event: 0.657 Thread 0x0000017b7e439040 Thread exited: 0x0000017b7e439040
Event: 0.768 Thread 0x0000017b69e86b60 Thread added: 0x0000017b7e4f8650
Event: 0.821 Thread 0x0000017b7c92e110 Thread added: 0x0000017b7e5101b0


Dynamic libraries:
0x00007ff67bed0000 - 0x00007ff67bede000 	c:\Users\manzi\.vscode\extensions\redhat.java-1.53.0-win32-x64\jre\21.0.10-win32-x86_64\bin\java.exe
0x00007ffd25ca0000 - 0x00007ffd25f07000 	C:\WINDOWS\SYSTEM32\ntdll.dll
0x00007ffd246b0000 - 0x00007ffd24779000 	C:\WINDOWS\System32\KERNEL32.DLL
0x00007ffd230e0000 - 0x00007ffd234d1000 	C:\WINDOWS\System32\KERNELBASE.dll
0x00007ffd22e20000 - 0x00007ffd22f6b000 	C:\WINDOWS\System32\ucrtbase.dll
0x00007ffd02c60000 - 0x00007ffd02c7e000 	c:\Users\manzi\.vscode\extensions\redhat.java-1.53.0-win32-x64\jre\21.0.10-win32-x86_64\bin\VCRUNTIME140.dll
0x00007ffd02550000 - 0x00007ffd02568000 	c:\Users\manzi\.vscode\extensions\redhat.java-1.53.0-win32-x64\jre\21.0.10-win32-x86_64\bin\jli.dll
0x00007ffd0edd0000 - 0x00007ffd0f063000 	C:\WINDOWS\WinSxS\amd64_microsoft.windows.common-controls_6595b64144ccf1df_6.0.26100.7922_none_3e089e1ee3342171\COMCTL32.dll
0x00007ffd250a0000 - 0x00007ffd25265000 	C:\WINDOWS\System32\USER32.dll
0x00007ffd25bb0000 - 0x00007ffd25c59000 	C:\WINDOWS\System32\msvcrt.dll
0x00007ffd24790000 - 0x00007ffd247bb000 	C:\WINDOWS\System32\GDI32.dll
0x00007ffd22580000 - 0x00007ffd225a7000 	C:\WINDOWS\System32\win32u.dll
0x00007ffd236e0000 - 0x00007ffd2380a000 	C:\WINDOWS\System32\gdi32full.dll
0x00007ffd23990000 - 0x00007ffd23a33000 	C:\WINDOWS\System32\msvcp_win.dll
0x00007ffd24eb0000 - 0x00007ffd24ee1000 	C:\WINDOWS\System32\IMM32.DLL
0x00007ffd1ad20000 - 0x00007ffd1ad2c000 	c:\Users\manzi\.vscode\extensions\redhat.java-1.53.0-win32-x64\jre\21.0.10-win32-x86_64\bin\vcruntime140_1.dll
0x00007ffcc2910000 - 0x00007ffcc299d000 	c:\Users\manzi\.vscode\extensions\redhat.java-1.53.0-win32-x64\jre\21.0.10-win32-x86_64\bin\msvcp140.dll
0x00007ffc68e80000 - 0x00007ffc69c21000 	c:\Users\manzi\.vscode\extensions\redhat.java-1.53.0-win32-x64\jre\21.0.10-win32-x86_64\bin\server\jvm.dll
0x00007ffd24ef0000 - 0x00007ffd24fab000 	C:\WINDOWS\System32\ADVAPI32.dll
0x00007ffd23a50000 - 0x00007ffd23af7000 	C:\WINDOWS\System32\sechost.dll
0x00007ffd24590000 - 0x00007ffd246a8000 	C:\WINDOWS\System32\RPCRT4.dll
0x00007ffd248b0000 - 0x00007ffd24924000 	C:\WINDOWS\System32\WS2_32.dll
0x00007ffd223e0000 - 0x00007ffd2243e000 	C:\WINDOWS\SYSTEM32\POWRPROF.dll
0x00007ffd1c770000 - 0x00007ffd1c77b000 	C:\WINDOWS\SYSTEM32\VERSION.dll
0x00007ffd1b4a0000 - 0x00007ffd1b4d5000 	C:\WINDOWS\SYSTEM32\WINMM.dll
0x00007ffd223c0000 - 0x00007ffd223d4000 	C:\WINDOWS\SYSTEM32\UMPDC.dll
0x00007ffd21310000 - 0x00007ffd2132b000 	C:\WINDOWS\SYSTEM32\kernel.appcore.dll
0x00007ffd12c80000 - 0x00007ffd12c8a000 	c:\Users\manzi\.vscode\extensions\redhat.java-1.53.0-win32-x64\jre\21.0.10-win32-x86_64\bin\jimage.dll
0x00007ffd206e0000 - 0x00007ffd20922000 	C:\WINDOWS\SYSTEM32\DBGHELP.DLL
0x00007ffd23c00000 - 0x00007ffd23f82000 	C:\WINDOWS\System32\combase.dll
0x00007ffd244b0000 - 0x00007ffd24587000 	C:\WINDOWS\System32\OLEAUT32.dll
0x00007ffd0d120000 - 0x00007ffd0d15b000 	C:\WINDOWS\SYSTEM32\dbgcore.DLL
0x00007ffd22f70000 - 0x00007ffd23015000 	C:\WINDOWS\System32\bcryptPrimitives.dll
0x00007ffd12620000 - 0x00007ffd1262f000 	c:\Users\manzi\.vscode\extensions\redhat.java-1.53.0-win32-x64\jre\21.0.10-win32-x86_64\bin\instrument.dll
0x00007ffd00680000 - 0x00007ffd006a0000 	c:\Users\manzi\.vscode\extensions\redhat.java-1.53.0-win32-x64\jre\21.0.10-win32-x86_64\bin\java.dll
0x00007ffd25270000 - 0x00007ffd259cf000 	C:\WINDOWS\System32\SHELL32.dll
0x00007ffd23570000 - 0x00007ffd236da000 	C:\WINDOWS\System32\wintypes.dll
0x00007ffd225b0000 - 0x00007ffd22e14000 	C:\WINDOWS\System32\windows.storage.dll
0x00007ffd23b00000 - 0x00007ffd23bf7000 	C:\WINDOWS\System32\SHCORE.dll
0x00007ffd247c0000 - 0x00007ffd24827000 	C:\WINDOWS\System32\shlwapi.dll
0x00007ffd224a0000 - 0x00007ffd224c9000 	C:\WINDOWS\SYSTEM32\profapi.dll
0x00007ffcf7ee0000 - 0x00007ffcf7ef8000 	c:\Users\manzi\.vscode\extensions\redhat.java-1.53.0-win32-x64\jre\21.0.10-win32-x86_64\bin\zip.dll
0x00007ffd12390000 - 0x00007ffd123a0000 	C:\Users\manzi\.vscode\extensions\redhat.java-1.53.0-win32-x64\jre\21.0.10-win32-x86_64\bin\net.dll
0x00007ffd1abd0000 - 0x00007ffd1acf7000 	C:\WINDOWS\SYSTEM32\WINHTTP.dll
0x00007ffd21880000 - 0x00007ffd218eb000 	C:\WINDOWS\system32\mswsock.dll
0x00007ffcf6520000 - 0x00007ffcf6536000 	C:\Users\manzi\.vscode\extensions\redhat.java-1.53.0-win32-x64\jre\21.0.10-win32-x86_64\bin\nio.dll
0x00007ffd118a0000 - 0x00007ffd118b0000 	c:\Users\manzi\.vscode\extensions\redhat.java-1.53.0-win32-x64\jre\21.0.10-win32-x86_64\bin\verify.dll

JVMTI agents:
c:\Users\manzi\.vscode\extensions\redhat.java-1.53.0-win32-x64\lombok\lombok-1.18.39-4050.jar path:c:\Users\manzi\.vscode\extensions\redhat.java-1.53.0-win32-x64\jre\21.0.10-win32-x86_64\bin\instrument.dll, loaded, initialized, instrumentlib options:none

dbghelp: loaded successfully - version: 4.0.5 - missing functions: none
symbol engine: initialized successfully - sym options: 0x614 - pdb path: .;c:\Users\manzi\.vscode\extensions\redhat.java-1.53.0-win32-x64\jre\21.0.10-win32-x86_64\bin;C:\WINDOWS\SYSTEM32;C:\WINDOWS\WinSxS\amd64_microsoft.windows.common-controls_6595b64144ccf1df_6.0.26100.7922_none_3e089e1ee3342171;c:\Users\manzi\.vscode\extensions\redhat.java-1.53.0-win32-x64\jre\21.0.10-win32-x86_64\bin\server

VM Arguments:
jvm_args: --add-modules=ALL-SYSTEM --add-opens=java.base/java.util=ALL-UNNAMED --add-opens=java.base/java.lang=ALL-UNNAMED --add-opens=java.base/sun.nio.fs=ALL-UNNAMED -Declipse.application=org.eclipse.jdt.ls.core.id1 -Dosgi.bundles.defaultStartLevel=4 -Declipse.product=org.eclipse.jdt.ls.core.product -Djava.import.generatesMetadataFilesAtProjectRoot=false -DDetectVMInstallationsJob.disabled=true -Dfile.encoding=utf8 -XX:+UseParallelGC -XX:GCTimeRatio=4 -XX:AdaptiveSizePolicyWeight=90 -Dsun.zip.disableMemoryMapping=true -Xmx2G -Xms100m -Xlog:disable -javaagent:c:\Users\manzi\.vscode\extensions\redhat.java-1.53.0-win32-x64\lombok\lombok-1.18.39-4050.jar 
java_command: c:\Users\manzi\.vscode\extensions\redhat.java-1.53.0-win32-x64\server\plugins\org.eclipse.equinox.launcher_1.7.100.v20251111-0406.jar -configuration c:\Users\manzi\AppData\Roaming\Code\User\globalStorage\redhat.java\1.53.0\config_ss_win -data c:\Users\manzi\AppData\Roaming\Code\User\workspaceStorage\83dbd947a42195360113b8f43161808e\redhat.java\ss_ws --pipe=\\.\pipe\lsp-076ce49188282aac123e8613b4bbfc02-sock
java_class_path (initial): c:\Users\manzi\.vscode\extensions\redhat.java-1.53.0-win32-x64\server\plugins\org.eclipse.equinox.launcher_1.7.100.v20251111-0406.jar
Launcher Type: SUN_STANDARD

[Global flags]
    uintx AdaptiveSizePolicyWeight                 = 90                                        {product} {command line}
     intx CICompilerCount                          = 4                                         {product} {ergonomic}
    uintx GCTimeRatio                              = 4                                         {product} {command line}
   size_t InitialHeapSize                          = 104857600                                 {product} {command line}
   size_t MaxHeapSize                              = 2147483648                                {product} {command line}
   size_t MaxNewSize                               = 715653120                                 {product} {ergonomic}
   size_t MinHeapDeltaBytes                        = 524288                                    {product} {ergonomic}
   size_t MinHeapSize                              = 104857600                                 {product} {command line}
   size_t NewSize                                  = 34603008                                  {product} {ergonomic}
    uintx NonNMethodCodeHeapSize                   = 5839372                                {pd product} {ergonomic}
    uintx NonProfiledCodeHeapSize                  = 122909434                              {pd product} {ergonomic}
   size_t OldSize                                  = 70254592                                  {product} {ergonomic}
    uintx ProfiledCodeHeapSize                     = 122909434                              {pd product} {ergonomic}
    uintx ReservedCodeCacheSize                    = 251658240                              {pd product} {ergonomic}
     bool SegmentedCodeCache                       = true                                      {product} {ergonomic}
   size_t SoftMaxHeapSize                          = 2147483648                             {manageable} {ergonomic}
     bool UseCompressedOops                        = true                           {product lp64_product} {ergonomic}
     bool UseLargePagesIndividualAllocation        = false                                  {pd product} {ergonomic}
     bool UseParallelGC                            = true                                      {product} {command line}

Logging:
Log output configuration:
 #0: stdout all=off uptime,level,tags foldmultilines=false
 #1: stderr all=off uptime,level,tags foldmultilines=false

Release file:
JAVA_VERSION="21.0.10" 
MODULES="java.base java.compiler java.datatransfer java.xml java.prefs java.desktop java.instrument java.logging java.management java.security.sasl java.naming java.rmi java.management.rmi java.net.http java.scripting java.security.jgss java.transaction.xa java.sql java.sql.rowset java.xml.crypto java.se java.smartcardio jdk.accessibility jdk.internal.jvmstat jdk.attach jdk.charsets jdk.internal.opt jdk.zipfs jdk.compiler jdk.crypto.ec jdk.crypto.cryptoki jdk.crypto.mscapi jdk.dynalink jdk.internal.ed jdk.editpad jdk.hotspot.agent jdk.httpserver jdk.internal.le jdk.internal.vm.ci jdk.internal.vm.compiler jdk.internal.vm.compiler.management jdk.jartool jdk.javadoc jdk.jcmd jdk.management jdk.management.agent jdk.jconsole jdk.jdeps jdk.jdwp.agent jdk.jdi jdk.jfr jdk.jshell jdk.jsobject jdk.jstatd jdk.localedata jdk.management.jfr jdk.naming.dns jdk.naming.rmi jdk.net jdk.nio.mapmode jdk.random jdk.sctp jdk.security.auth jdk.security.jgss jdk.unsupported jdk.unsupported.desktop jdk.xml.dom" 

Environment Variables:
JAVA_HOME=C:\Program Files\Java\jdk-17
PATH=C:\Users\manzi\AppData\Local\Programs\Microsoft VS Code;C:\Users\manzi\Downloads\WINDOWS.X64_193000_db_home\bin;C:\WINDOWS\system32;C:\WINDOWS;C:\WINDOWS\System32\Wbem;C:\WINDOWS\System32\WindowsPowerShell\v1.0\;C:\WINDOWS\System32\OpenSSH\;c:\Program Files (x86)\Microsoft SQL Server\100\Tools\Binn\;c:\Program Files\Microsoft SQL Server\100\Tools\Binn\;c:\Program Files\Microsoft SQL Server\100\DTS\Binn\;C:\Program Files\MySQL\MySQL Server 8.0\bin;C:\Program Files\Docker\Docker\resources\bin;C:\Program Files\Java\jdk-17\bin;C:\Program Files\Apache Files\apache-maven-3.8.9-bin\apache-maven-3.8.9\bin;C:\Program Files\Git\cmd;C:\Program Files\MySQL\MySQL Shell 8.0\bin\;C:\Users\manzi\AppData\Local\Programs\Python\Python313\Scripts\;C:\Users\manzi\AppData\Local\Programs\Python\Python313\;C:\Users\manzi\AppData\Local\Programs\Python\Launcher\;C:\Users\manzi\AppData\Local\Microsoft\WindowsApps;C:\Users\manzi\AppData\Local\Programs\Microsoft VS Code\bin;C:\Program Files\JetBrains\IntelliJ IDEA Community Edition 2025.2.1\bin;C:\Users\manzi\AppData\Local\Python\bin
USERNAME=manzi
OS=Windows_NT
PROCESSOR_IDENTIFIER=AMD64 Family 23 Model 24 Stepping 1, AuthenticAMD
TMP=C:\Users\manzi\AppData\Local\Temp
TEMP=C:\Users\manzi\AppData\Local\Temp




Periodic native trim disabled

---------------  S Y S T E M  ---------------

OS:
 Windows 11 , 64 bit Build 26100 (10.0.26100.7920)
OS uptime: 1 days 3:34 hours
Hyper-V role detected

CPU: total 8 (initial active 8) (8 cores per cpu, 2 threads per core) family 23 model 24 stepping 1 microcode 0x8108109, cx8, cmov, fxsr, ht, mmx, 3dnowpref, sse, sse2, sse3, ssse3, sse4a, sse4.1, sse4.2, popcnt, lzcnt, tsc, tscinvbit, avx, avx2, aes, clmul, bmi1, bmi2, adx, sha, fma, vzeroupper, clflush, clflushopt, hv, rdtscp, f16c
Processor Information for the first 8 processors :
  Max Mhz: 2100, Current Mhz: 2100, Mhz Limit: 2100

Memory: 4k page, system-wide physical 6020M (749M free)
TotalPageFile size 13830M (AvailPageFile size 195M)
current process WorkingSet (physical memory assigned to process): 56M, peak: 58M
current process commit charge ("private bytes"): 229M, peak: 230M

vm_info: OpenJDK 64-Bit Server VM (21.0.10+7-LTS) for windows-amd64 JRE (21.0.10+7-LTS), built on 2026-01-20T00:00:00Z by "admin" with MS VC++ 17.12 (VS2022)

END.
